{"C:\\Users\\julia\\Desktop\\lute\\lute-back\\src\\database.ts": {"path":"C:\\Users\\julia\\Desktop\\lute\\lute-back\\src\\database.ts","statementMap":{"0":{"start":{"line":1,"column":0},"end":{"line":1,"column":38}},"1":{"start":{"line":3,"column":13},"end":{"line":13,"column":2}},"2":{"start":{"line":16,"column":4},"end":{"line":25,"column":5}},"3":{"start":{"line":17,"column":6},"end":{"line":20,"column":7}},"4":{"start":{"line":18,"column":8},"end":{"line":18,"column":46}},"5":{"start":{"line":19,"column":8},"end":{"line":19,"column":38}},"6":{"start":{"line":21,"column":6},"end":{"line":21,"column":37}},"7":{"start":{"line":22,"column":6},"end":{"line":22,"column":67}},"8":{"start":{"line":24,"column":6},"end":{"line":24,"column":65}},"9":{"start":{"line":15,"column":0},"end":{"line":15,"column":22}}},"fnMap":{"0":{"name":"connect","decl":{"start":{"line":15,"column":22},"end":{"line":15,"column":29}},"loc":{"start":{"line":15,"column":29},"end":{"line":26,"column":null}}}},"branchMap":{"0":{"loc":{"start":{"line":4,"column":2},"end":{"line":4,"column":31}},"type":"cond-expr","locations":[{"start":{"line":4,"column":21},"end":{"line":4,"column":25}},{"start":{"line":4,"column":25},"end":{"line":4,"column":31}}]},"1":{"loc":{"start":{"line":4,"column":2},"end":{"line":4,"column":25}},"type":"binary-expr","locations":[{"start":{"line":4,"column":2},"end":{"line":4,"column":25}},{"start":{"line":4,"column":21},"end":{"line":4,"column":25}}]},"2":{"loc":{"start":{"line":5,"column":2},"end":{"line":5,"column":35}},"type":"cond-expr","locations":[{"start":{"line":5,"column":21},"end":{"line":5,"column":25}},{"start":{"line":5,"column":25},"end":{"line":5,"column":35}}]},"3":{"loc":{"start":{"line":5,"column":2},"end":{"line":5,"column":25}},"type":"binary-expr","locations":[{"start":{"line":5,"column":2},"end":{"line":5,"column":25}},{"start":{"line":5,"column":21},"end":{"line":5,"column":25}}]},"4":{"loc":{"start":{"line":6,"column":2},"end":{"line":6,"column":27}},"type":"cond-expr","locations":[{"start":{"line":6,"column":21},"end":{"line":6,"column":25}},{"start":{"line":6,"column":25},"end":{"line":6,"column":27}}]},"5":{"loc":{"start":{"line":6,"column":2},"end":{"line":6,"column":25}},"type":"binary-expr","locations":[{"start":{"line":6,"column":2},"end":{"line":6,"column":25}},{"start":{"line":6,"column":21},"end":{"line":6,"column":25}}]},"6":{"loc":{"start":{"line":8,"column":10},"end":{"line":8,"column":44}},"type":"cond-expr","locations":[{"start":{"line":8,"column":29},"end":{"line":8,"column":33}},{"start":{"line":8,"column":33},"end":{"line":8,"column":44}}]},"7":{"loc":{"start":{"line":8,"column":10},"end":{"line":8,"column":33}},"type":"binary-expr","locations":[{"start":{"line":8,"column":10},"end":{"line":8,"column":33}},{"start":{"line":8,"column":29},"end":{"line":8,"column":33}}]},"8":{"loc":{"start":{"line":9,"column":17},"end":{"line":9,"column":44}},"type":"cond-expr","locations":[{"start":{"line":9,"column":36},"end":{"line":9,"column":40}},{"start":{"line":9,"column":40},"end":{"line":9,"column":44}}]},"9":{"loc":{"start":{"line":9,"column":17},"end":{"line":9,"column":40}},"type":"binary-expr","locations":[{"start":{"line":9,"column":17},"end":{"line":9,"column":40}},{"start":{"line":9,"column":36},"end":{"line":9,"column":40}}]},"10":{"loc":{"start":{"line":10,"column":13},"end":{"line":10,"column":58}},"type":"cond-expr","locations":[{"start":{"line":10,"column":44},"end":{"line":10,"column":48}},{"start":{"line":10,"column":48},"end":{"line":10,"column":58}}]},"11":{"loc":{"start":{"line":10,"column":13},"end":{"line":10,"column":48}},"type":"binary-expr","locations":[{"start":{"line":10,"column":13},"end":{"line":10,"column":48}},{"start":{"line":10,"column":44},"end":{"line":10,"column":48}}]},"12":{"loc":{"start":{"line":11,"column":13},"end":{"line":11,"column":73}},"type":"cond-expr","locations":[{"start":{"line":11,"column":54},"end":{"line":11,"column":65}},{"start":{"line":11,"column":68},"end":{"line":11,"column":73}}]},"13":{"loc":{"start":{"line":17,"column":6},"end":{"line":20,"column":7}},"type":"if","locations":[{"start":{"line":17,"column":6},"end":{"line":20,"column":7}}]}},"s":{"0":1,"1":1,"2":0,"3":0,"4":0,"5":0,"6":0,"7":0,"8":0,"9":1},"f":{"0":0},"b":{"0":[0,1],"1":[1,1],"2":[0,1],"3":[1,1],"4":[0,1],"5":[1,1],"6":[0,1],"7":[1,1],"8":[0,1],"9":[1,1],"10":[0,1],"11":[1,1],"12":[0,1],"13":[0]}}
,"C:\\Users\\julia\\Desktop\\lute\\lute-back\\src\\models\\Product.ts": {"path":"C:\\Users\\julia\\Desktop\\lute\\lute-back\\src\\models\\Product.ts","statementMap":{"0":{"start":{"line":1,"column":0},"end":{"line":1,"column":40}},"1":{"start":{"line":2,"column":0},"end":{"line":2,"column":38}},"2":{"start":{"line":65,"column":13},"end":{"line":120,"column":3}},"3":{"start":{"line":122,"column":0},"end":{"line":122,"column":23}}},"fnMap":{},"branchMap":{},"s":{"0":1,"1":1,"2":1,"3":1},"f":{},"b":{}}
,"C:\\Users\\julia\\Desktop\\lute\\lute-back\\src\\models\\ProductImage.ts": {"path":"C:\\Users\\julia\\Desktop\\lute\\lute-back\\src\\models\\ProductImage.ts","statementMap":{"0":{"start":{"line":1,"column":0},"end":{"line":1,"column":40}},"1":{"start":{"line":2,"column":0},"end":{"line":2,"column":38}},"2":{"start":{"line":4,"column":13},"end":{"line":33,"column":3}},"3":{"start":{"line":35,"column":0},"end":{"line":35,"column":28}}},"fnMap":{},"branchMap":{},"s":{"0":1,"1":1,"2":1,"3":1},"f":{},"b":{}}
,"C:\\Users\\julia\\Desktop\\lute\\lute-back\\src\\models\\ProductVariant.ts": {"path":"C:\\Users\\julia\\Desktop\\lute\\lute-back\\src\\models\\ProductVariant.ts","statementMap":{"0":{"start":{"line":1,"column":0},"end":{"line":1,"column":40}},"1":{"start":{"line":2,"column":0},"end":{"line":2,"column":38}},"2":{"start":{"line":4,"column":13},"end":{"line":43,"column":3}},"3":{"start":{"line":45,"column":0},"end":{"line":45,"column":30}}},"fnMap":{},"branchMap":{},"s":{"0":1,"1":1,"2":1,"3":1},"f":{},"b":{}}
,"C:\\Users\\julia\\Desktop\\lute\\lute-back\\src\\repos\\ProductRepo.ts": {"path":"C:\\Users\\julia\\Desktop\\lute\\lute-back\\src\\repos\\ProductRepo.ts","statementMap":{"0":{"start":{"line":1,"column":0},"end":{"line":1,"column":44}},"1":{"start":{"line":2,"column":0},"end":{"line":2,"column":42}},"2":{"start":{"line":3,"column":0},"end":{"line":3,"column":56}},"3":{"start":{"line":4,"column":0},"end":{"line":4,"column":60}},"4":{"start":{"line":5,"column":0},"end":{"line":5,"column":56}},"5":{"start":{"line":30,"column":41},"end":{"line":30,"column":43}},"6":{"start":{"line":32,"column":2},"end":{"line":34,"column":3}},"7":{"start":{"line":33,"column":4},"end":{"line":33,"column":38}},"8":{"start":{"line":35,"column":2},"end":{"line":37,"column":3}},"9":{"start":{"line":36,"column":4},"end":{"line":36,"column":34}},"10":{"start":{"line":38,"column":2},"end":{"line":40,"column":3}},"11":{"start":{"line":39,"column":4},"end":{"line":39,"column":38}},"12":{"start":{"line":41,"column":2},"end":{"line":43,"column":3}},"13":{"start":{"line":42,"column":4},"end":{"line":42,"column":40}},"14":{"start":{"line":44,"column":2},"end":{"line":46,"column":3}},"15":{"start":{"line":45,"column":4},"end":{"line":45,"column":50}},"16":{"start":{"line":47,"column":2},"end":{"line":49,"column":3}},"17":{"start":{"line":48,"column":4},"end":{"line":48,"column":50}},"18":{"start":{"line":51,"column":17},"end":{"line":51,"column":57}},"19":{"start":{"line":53,"column":17},"end":{"line":63,"column":4}},"20":{"start":{"line":65,"column":15},"end":{"line":68,"column":4}},"21":{"start":{"line":66,"column":17},"end":{"line":66,"column":27}},"22":{"start":{"line":67,"column":4},"end":{"line":67,"column":39}},"23":{"start":{"line":70,"column":2},"end":{"line":70,"column":39}},"24":{"start":{"line":74,"column":18},"end":{"line":80,"column":4}},"25":{"start":{"line":82,"column":2},"end":{"line":82,"column":68}},"26":{"start":{"line":86,"column":18},"end":{"line":91,"column":4}},"27":{"start":{"line":93,"column":2},"end":{"line":93,"column":68}},"28":{"start":{"line":97,"column":19},"end":{"line":100,"column":4}},"29":{"start":{"line":102,"column":2},"end":{"line":102,"column":68}},"30":{"start":{"line":102,"column":29},"end":{"line":102,"column":66}},"31":{"start":{"line":106,"column":16},"end":{"line":106,"column":56}},"32":{"start":{"line":107,"column":2},"end":{"line":107,"column":19}},"33":{"start":{"line":111,"column":18},"end":{"line":113,"column":4}},"34":{"start":{"line":115,"column":2},"end":{"line":115,"column":72}},"35":{"start":{"line":129,"column":12},"end":{"line":129,"column":41}},"36":{"start":{"line":130,"column":2},"end":{"line":163,"column":3}},"37":{"start":{"line":131,"column":65},"end":{"line":131,"column":67}},"38":{"start":{"line":133,"column":4},"end":{"line":151,"column":5}},"39":{"start":{"line":134,"column":22},"end":{"line":137,"column":8}},"40":{"start":{"line":139,"column":6},"end":{"line":142,"column":7}},"41":{"start":{"line":140,"column":8},"end":{"line":140,"column":77}},"42":{"start":{"line":141,"column":8},"end":{"line":141,"column":17}},"43":{"start":{"line":144,"column":20},"end":{"line":144,"column":59}},"44":{"start":{"line":145,"column":6},"end":{"line":148,"column":7}},"45":{"start":{"line":146,"column":8},"end":{"line":146,"column":86}},"46":{"start":{"line":147,"column":8},"end":{"line":147,"column":17}},"47":{"start":{"line":150,"column":6},"end":{"line":150,"column":81}},"48":{"start":{"line":153,"column":4},"end":{"line":156,"column":5}},"49":{"start":{"line":154,"column":6},"end":{"line":154,"column":25}},"50":{"start":{"line":155,"column":6},"end":{"line":155,"column":45}},"51":{"start":{"line":158,"column":4},"end":{"line":158,"column":21}},"52":{"start":{"line":159,"column":4},"end":{"line":159,"column":46}},"53":{"start":{"line":161,"column":4},"end":{"line":161,"column":23}},"54":{"start":{"line":162,"column":4},"end":{"line":162,"column":16}},"55":{"start":{"line":167,"column":12},"end":{"line":167,"column":41}},"56":{"start":{"line":168,"column":2},"end":{"line":185,"column":3}},"57":{"start":{"line":169,"column":4},"end":{"line":179,"column":5}},"58":{"start":{"line":170,"column":22},"end":{"line":173,"column":8}},"59":{"start":{"line":175,"column":6},"end":{"line":178,"column":7}},"60":{"start":{"line":176,"column":22},"end":{"line":176,"column":61}},"61":{"start":{"line":177,"column":8},"end":{"line":177,"column":83}},"62":{"start":{"line":181,"column":4},"end":{"line":181,"column":21}},"63":{"start":{"line":183,"column":4},"end":{"line":183,"column":23}},"64":{"start":{"line":184,"column":4},"end":{"line":184,"column":16}},"65":{"start":{"line":188,"column":0},"end":{"line":197,"column":2}}},"fnMap":{"0":{"name":"list","decl":{"start":{"line":26,"column":15},"end":{"line":26,"column":19}},"loc":{"start":{"line":28,"column":35},"end":{"line":71,"column":null}}},"1":{"name":"(anonymous_9)","decl":{"start":{"line":65,"column":31},"end":{"line":65,"column":32}},"loc":{"start":{"line":65,"column":37},"end":{"line":68,"column":3}}},"2":{"name":"getBySlug","decl":{"start":{"line":73,"column":15},"end":{"line":73,"column":24}},"loc":{"start":{"line":73,"column":37},"end":{"line":83,"column":null}}},"3":{"name":"getById","decl":{"start":{"line":85,"column":15},"end":{"line":85,"column":22}},"loc":{"start":{"line":85,"column":33},"end":{"line":94,"column":null}}},"4":{"name":"getVariantsByIds","decl":{"start":{"line":96,"column":15},"end":{"line":96,"column":31}},"loc":{"start":{"line":96,"column":45},"end":{"line":103,"column":null}}},"5":{"name":"(anonymous_16)","decl":{"start":{"line":102,"column":22},"end":{"line":102,"column":23}},"loc":{"start":{"line":102,"column":29},"end":{"line":102,"column":66}}},"6":{"name":"persistsBySlug","decl":{"start":{"line":105,"column":15},"end":{"line":105,"column":29}},"loc":{"start":{"line":105,"column":42},"end":{"line":108,"column":null}}},"7":{"name":"getByVariantId","decl":{"start":{"line":110,"column":15},"end":{"line":110,"column":29}},"loc":{"start":{"line":110,"column":40},"end":{"line":116,"column":null}}},"8":{"name":"reserveStock","decl":{"start":{"line":128,"column":15},"end":{"line":128,"column":27}},"loc":{"start":{"line":128,"column":48},"end":{"line":164,"column":null}}},"9":{"name":"restoreStock","decl":{"start":{"line":166,"column":15},"end":{"line":166,"column":27}},"loc":{"start":{"line":166,"column":48},"end":{"line":186,"column":null}}}},"branchMap":{"0":{"loc":{"start":{"line":32,"column":2},"end":{"line":34,"column":3}},"type":"if","locations":[{"start":{"line":32,"column":2},"end":{"line":34,"column":3}}]},"1":{"loc":{"start":{"line":35,"column":2},"end":{"line":37,"column":3}},"type":"if","locations":[{"start":{"line":35,"column":2},"end":{"line":37,"column":3}}]},"2":{"loc":{"start":{"line":38,"column":2},"end":{"line":40,"column":3}},"type":"if","locations":[{"start":{"line":38,"column":2},"end":{"line":40,"column":3}}]},"3":{"loc":{"start":{"line":41,"column":2},"end":{"line":43,"column":3}},"type":"if","locations":[{"start":{"line":41,"column":2},"end":{"line":43,"column":3}}]},"4":{"loc":{"start":{"line":44,"column":2},"end":{"line":46,"column":3}},"type":"if","locations":[{"start":{"line":44,"column":2},"end":{"line":46,"column":3}}]},"5":{"loc":{"start":{"line":47,"column":2},"end":{"line":49,"column":3}},"type":"if","locations":[{"start":{"line":47,"column":2},"end":{"line":49,"column":3}}]},"6":{"loc":{"start":{"line":82,"column":9},"end":{"line":82,"column":67}},"type":"cond-expr","locations":[{"start":{"line":82,"column":20},"end":{"line":82,"column":60}},{"start":{"line":82,"column":63},"end":{"line":82,"column":67}}]},"7":{"loc":{"start":{"line":93,"column":9},"end":{"line":93,"column":67}},"type":"cond-expr","locations":[{"start":{"line":93,"column":20},"end":{"line":93,"column":60}},{"start":{"line":93,"column":63},"end":{"line":93,"column":67}}]},"8":{"loc":{"start":{"line":115,"column":9},"end":{"line":115,"column":71}},"type":"cond-expr","locations":[{"start":{"line":115,"column":20},"end":{"line":115,"column":64}},{"start":{"line":115,"column":67},"end":{"line":115,"column":71}}]},"9":{"loc":{"start":{"line":139,"column":6},"end":{"line":142,"column":7}},"type":"if","locations":[{"start":{"line":139,"column":6},"end":{"line":142,"column":7}}]},"10":{"loc":{"start":{"line":145,"column":6},"end":{"line":148,"column":7}},"type":"if","locations":[{"start":{"line":145,"column":6},"end":{"line":148,"column":7}}]},"11":{"loc":{"start":{"line":153,"column":4},"end":{"line":156,"column":5}},"type":"if","locations":[{"start":{"line":153,"column":4},"end":{"line":156,"column":5}}]},"12":{"loc":{"start":{"line":175,"column":6},"end":{"line":178,"column":7}},"type":"if","locations":[{"start":{"line":175,"column":6},"end":{"line":178,"column":7}}]}},"s":{"0":1,"1":1,"2":1,"3":1,"4":1,"5":0,"6":0,"7":0,"8":0,"9":0,"10":0,"11":0,"12":0,"13":0,"14":0,"15":0,"16":0,"17":0,"18":0,"19":0,"20":0,"21":0,"22":0,"23":0,"24":0,"25":0,"26":0,"27":0,"28":0,"29":0,"30":0,"31":0,"32":0,"33":0,"34":0,"35":0,"36":0,"37":0,"38":0,"39":0,"40":0,"41":0,"42":0,"43":0,"44":0,"45":0,"46":0,"47":0,"48":0,"49":0,"50":0,"51":0,"52":0,"53":0,"54":0,"55":0,"56":0,"57":0,"58":0,"59":0,"60":0,"61":0,"62":0,"63":0,"64":0,"65":1},"f":{"0":0,"1":0,"2":0,"3":0,"4":0,"5":0,"6":0,"7":0,"8":0,"9":0},"b":{"0":[0],"1":[0],"2":[0],"3":[0],"4":[0],"5":[0],"6":[0,0],"7":[0,0],"8":[0,0],"9":[0],"10":[0],"11":[0],"12":[0]}}
,"C:\\Users\\julia\\Desktop\\lute\\lute-back\\src\\services\\CartService.ts": {"path":"C:\\Users\\julia\\Desktop\\lute\\lute-back\\src\\services\\CartService.ts","statementMap":{"0":{"start":{"line":1,"column":0},"end":{"line":1,"column":49}},"1":{"start":{"line":25,"column":14},"end":{"line":25,"column":43}},"2":{"start":{"line":25,"column":31},"end":{"line":25,"column":42}},"3":{"start":{"line":26,"column":22},"end":{"line":26,"column":61}},"4":{"start":{"line":28,"column":21},"end":{"line":28,"column":63}},"5":{"start":{"line":29,"column":2},"end":{"line":31,"column":3}},"6":{"start":{"line":30,"column":4},"end":{"line":30,"column":36}},"7":{"start":{"line":33,"column":14},"end":{"line":33,"column":15}},"8":{"start":{"line":34,"column":36},"end":{"line":34,"column":38}},"9":{"start":{"line":36,"column":2},"end":{"line":101,"column":3}},"10":{"start":{"line":37,"column":20},"end":{"line":37,"column":50}},"11":{"start":{"line":39,"column":4},"end":{"line":50,"column":5}},"12":{"start":{"line":40,"column":6},"end":{"line":48,"column":9}},"13":{"start":{"line":49,"column":6},"end":{"line":49,"column":15}},"14":{"start":{"line":52,"column":20},"end":{"line":52,"column":62}},"15":{"start":{"line":53,"column":18},"end":{"line":53,"column":39}},"16":{"start":{"line":54,"column":21},"end":{"line":54,"column":48}},"17":{"start":{"line":56,"column":4},"end":{"line":67,"column":5}},"18":{"start":{"line":57,"column":6},"end":{"line":65,"column":9}},"19":{"start":{"line":66,"column":6},"end":{"line":66,"column":15}},"20":{"start":{"line":69,"column":22},"end":{"line":69,"column":53}},"21":{"start":{"line":70,"column":26},"end":{"line":72,"column":12}},"22":{"start":{"line":73,"column":22},"end":{"line":73,"column":48}},"23":{"start":{"line":75,"column":22},"end":{"line":75,"column":52}},"24":{"start":{"line":76,"column":21},"end":{"line":76,"column":46}},"25":{"start":{"line":78,"column":4},"end":{"line":89,"column":5}},"26":{"start":{"line":79,"column":6},"end":{"line":87,"column":9}},"27":{"start":{"line":88,"column":6},"end":{"line":88,"column":15}},"28":{"start":{"line":91,"column":4},"end":{"line":91,"column":35}},"29":{"start":{"line":93,"column":4},"end":{"line":100,"column":7}},"30":{"start":{"line":103,"column":2},"end":{"line":103,"column":52}},"31":{"start":{"line":106,"column":0},"end":{"line":108,"column":2}}},"fnMap":{"0":{"name":"validate","decl":{"start":{"line":24,"column":15},"end":{"line":24,"column":23}},"loc":{"start":{"line":24,"column":46},"end":{"line":104,"column":null}}},"1":{"name":"(anonymous_10)","decl":{"start":{"line":25,"column":24},"end":{"line":25,"column":25}},"loc":{"start":{"line":25,"column":31},"end":{"line":25,"column":42}}}},"branchMap":{"0":{"loc":{"start":{"line":39,"column":4},"end":{"line":50,"column":5}},"type":"if","locations":[{"start":{"line":39,"column":4},"end":{"line":50,"column":5}}]},"1":{"loc":{"start":{"line":54,"column":21},"end":{"line":54,"column":38}},"type":"cond-expr","locations":[{"start":{"line":54,"column":28},"end":{"line":54,"column":30}},{"start":{"line":54,"column":21},"end":{"line":54,"column":38}}]},"2":{"loc":{"start":{"line":54,"column":21},"end":{"line":54,"column":30}},"type":"binary-expr","locations":[{"start":{"line":54,"column":21},"end":{"line":54,"column":30}},{"start":{"line":54,"column":21},"end":{"line":54,"column":30}}]},"3":{"loc":{"start":{"line":56,"column":4},"end":{"line":67,"column":5}},"type":"if","locations":[{"start":{"line":56,"column":4},"end":{"line":67,"column":5}}]},"4":{"loc":{"start":{"line":69,"column":29},"end":{"line":69,"column":52}},"type":"binary-expr","locations":[{"start":{"line":69,"column":29},"end":{"line":69,"column":47}},{"start":{"line":69,"column":51},"end":{"line":69,"column":52}}]},"5":{"loc":{"start":{"line":69,"column":29},"end":{"line":69,"column":47}},"type":"cond-expr","locations":[{"start":{"line":69,"column":36},"end":{"line":69,"column":38}},{"start":{"line":69,"column":29},"end":{"line":69,"column":47}}]},"6":{"loc":{"start":{"line":69,"column":29},"end":{"line":69,"column":38}},"type":"binary-expr","locations":[{"start":{"line":69,"column":29},"end":{"line":69,"column":38}},{"start":{"line":69,"column":29},"end":{"line":69,"column":38}}]},"7":{"loc":{"start":{"line":70,"column":26},"end":{"line":72,"column":12}},"type":"cond-expr","locations":[{"start":{"line":71,"column":8},"end":{"line":71,"column":37}},{"start":{"line":72,"column":8},"end":{"line":72,"column":12}}]},"8":{"loc":{"start":{"line":73,"column":22},"end":{"line":73,"column":48}},"type":"cond-expr","locations":[{"start":{"line":73,"column":22},"end":{"line":73,"column":35}},{"start":{"line":73,"column":39},"end":{"line":73,"column":48}}]},"9":{"loc":{"start":{"line":73,"column":22},"end":{"line":73,"column":39}},"type":"binary-expr","locations":[{"start":{"line":73,"column":22},"end":{"line":73,"column":39}},{"start":{"line":73,"column":22},"end":{"line":73,"column":39}}]},"10":{"loc":{"start":{"line":78,"column":4},"end":{"line":89,"column":5}},"type":"if","locations":[{"start":{"line":78,"column":4},"end":{"line":89,"column":5}}]}},"s":{"0":1,"1":0,"2":0,"3":0,"4":0,"5":0,"6":0,"7":0,"8":0,"9":0,"10":0,"11":0,"12":0,"13":0,"14":0,"15":0,"16":0,"17":0,"18":0,"19":0,"20":0,"21":0,"22":0,"23":0,"24":0,"25":0,"26":0,"27":0,"28":0,"29":0,"30":0,"31":1},"f":{"0":0,"1":0},"b":{"0":[0],"1":[0,0],"2":[0,0],"3":[0],"4":[0,0],"5":[0,0],"6":[0,0],"7":[0,0],"8":[0,0],"9":[0,0],"10":[0]}}
,"C:\\Users\\julia\\Desktop\\lute\\lute-back\\src\\util\\facadeConfig.ts": {"path":"C:\\Users\\julia\\Desktop\\lute\\lute-back\\src\\util\\facadeConfig.ts","statementMap":{"0":{"start":{"line":1,"column":23},"end":{"line":1,"column":33}},"1":{"start":{"line":2,"column":18},"end":{"line":2,"column":20}},"2":{"start":{"line":10,"column":2},"end":{"line":10,"column":52}},"3":{"start":{"line":10,"column":32},"end":{"line":10,"column":52}},"4":{"start":{"line":11,"column":2},"end":{"line":16,"column":3}},"5":{"start":{"line":12,"column":4},"end":{"line":15,"column":6}},"6":{"start":{"line":14,"column":26},"end":{"line":14,"column":55}},"7":{"start":{"line":17,"column":2},"end":{"line":22,"column":3}},"8":{"start":{"line":18,"column":4},"end":{"line":21,"column":6}},"9":{"start":{"line":20,"column":41},"end":{"line":20,"column":70}},"10":{"start":{"line":23,"column":2},"end":{"line":23,"column":22}},"11":{"start":{"line":27,"column":2},"end":{"line":29,"column":3}},"12":{"start":{"line":28,"column":4},"end":{"line":28,"column":27}},"13":{"start":{"line":31,"column":14},"end":{"line":31,"column":68}},"14":{"start":{"line":33,"column":2},"end":{"line":35,"column":3}},"15":{"start":{"line":34,"column":4},"end":{"line":34,"column":102}},"16":{"start":{"line":38,"column":2},"end":{"line":42,"column":3}},"17":{"start":{"line":39,"column":4},"end":{"line":39,"column":64}},"18":{"start":{"line":41,"column":4},"end":{"line":41,"column":70}},"19":{"start":{"line":44,"column":16},"end":{"line":44,"column":32}},"20":{"start":{"line":45,"column":2},"end":{"line":47,"column":3}},"21":{"start":{"line":46,"column":4},"end":{"line":46,"column":96}},"22":{"start":{"line":49,"column":2},"end":{"line":49,"column":25}},"23":{"start":{"line":52,"column":0},"end":{"line":54,"column":2}}},"fnMap":{"0":{"name":"getDepth","decl":{"start":{"line":9,"column":9},"end":{"line":9,"column":17}},"loc":{"start":{"line":9,"column":58},"end":{"line":24,"column":1}}},"1":{"name":"(anonymous_1)","decl":{"start":{"line":14,"column":19},"end":{"line":14,"column":20}},"loc":{"start":{"line":14,"column":26},"end":{"line":14,"column":55}}},"2":{"name":"(anonymous_2)","decl":{"start":{"line":20,"column":34},"end":{"line":20,"column":35}},"loc":{"start":{"line":20,"column":41},"end":{"line":20,"column":70}}},"3":{"name":"validate","decl":{"start":{"line":26,"column":9},"end":{"line":26,"column":17}},"loc":{"start":{"line":26,"column":31},"end":{"line":50,"column":1}}}},"branchMap":{"0":{"loc":{"start":{"line":9,"column":34},"end":{"line":9,"column":58}},"type":"default-arg","locations":[{"start":{"line":9,"column":57},"end":{"line":9,"column":58}}]},"1":{"loc":{"start":{"line":10,"column":2},"end":{"line":10,"column":52}},"type":"if","locations":[{"start":{"line":10,"column":2},"end":{"line":10,"column":52}}]},"2":{"loc":{"start":{"line":11,"column":2},"end":{"line":16,"column":3}},"type":"if","locations":[{"start":{"line":11,"column":2},"end":{"line":16,"column":3}}]},"3":{"loc":{"start":{"line":17,"column":2},"end":{"line":22,"column":3}},"type":"if","locations":[{"start":{"line":17,"column":2},"end":{"line":22,"column":3}}]},"4":{"loc":{"start":{"line":17,"column":6},"end":{"line":17,"column":49}},"type":"binary-expr","locations":[{"start":{"line":17,"column":6},"end":{"line":17,"column":20}},{"start":{"line":17,"column":24},"end":{"line":17,"column":49}}]},"5":{"loc":{"start":{"line":27,"column":2},"end":{"line":29,"column":3}},"type":"if","locations":[{"start":{"line":27,"column":2},"end":{"line":29,"column":3}}]},"6":{"loc":{"start":{"line":27,"column":6},"end":{"line":27,"column":41}},"type":"binary-expr","locations":[{"start":{"line":27,"column":6},"end":{"line":27,"column":19}},{"start":{"line":27,"column":23},"end":{"line":27,"column":41}}]},"7":{"loc":{"start":{"line":31,"column":14},"end":{"line":31,"column":68}},"type":"cond-expr","locations":[{"start":{"line":31,"column":41},"end":{"line":31,"column":45}},{"start":{"line":31,"column":48},"end":{"line":31,"column":68}}]},"8":{"loc":{"start":{"line":33,"column":2},"end":{"line":35,"column":3}},"type":"if","locations":[{"start":{"line":33,"column":2},"end":{"line":35,"column":3}}]},"9":{"loc":{"start":{"line":39,"column":13},"end":{"line":39,"column":63}},"type":"cond-expr","locations":[{"start":{"line":39,"column":40},"end":{"line":39,"column":56}},{"start":{"line":39,"column":59},"end":{"line":39,"column":63}}]},"10":{"loc":{"start":{"line":45,"column":2},"end":{"line":47,"column":3}},"type":"if","locations":[{"start":{"line":45,"column":2},"end":{"line":47,"column":3}}]}},"s":{"0":2,"1":2,"2":22,"3":1,"4":21,"5":0,"6":0,"7":21,"8":15,"9":19,"10":6,"11":7,"12":2,"13":5,"14":5,"15":1,"16":4,"17":4,"18":1,"19":3,"20":3,"21":1,"22":2,"23":2},"f":{"0":22,"1":0,"2":19,"3":7},"b":{"0":[3],"1":[1],"2":[0],"3":[15],"4":[21,21],"5":[2],"6":[7,6],"7":[1,4],"8":[1],"9":[1,3],"10":[1]}}
,"C:\\Users\\julia\\Desktop\\lute\\lute-back\\src\\util\\jwt.ts": {"path":"C:\\Users\\julia\\Desktop\\lute\\lute-back\\src\\util\\jwt.ts","statementMap":{"0":{"start":{"line":2,"column":0},"end":{"line":2,"column":31}},"1":{"start":{"line":4,"column":18},"end":{"line":10,"column":1}},"2":{"start":{"line":5,"column":17},"end":{"line":5,"column":39}},"3":{"start":{"line":6,"column":2},"end":{"line":8,"column":3}},"4":{"start":{"line":7,"column":4},"end":{"line":7,"column":49}},"5":{"start":{"line":9,"column":2},"end":{"line":9,"column":16}},"6":{"start":{"line":13,"column":2},"end":{"line":25,"column":5}},"7":{"start":{"line":14,"column":19},"end":{"line":14,"column":30}},"8":{"start":{"line":15,"column":4},"end":{"line":24,"column":6}},"9":{"start":{"line":20,"column":8},"end":{"line":20,"column":36}},"10":{"start":{"line":20,"column":17},"end":{"line":20,"column":36}},"11":{"start":{"line":21,"column":8},"end":{"line":21,"column":68}},"12":{"start":{"line":21,"column":20},"end":{"line":21,"column":68}},"13":{"start":{"line":22,"column":8},"end":{"line":22,"column":23}},"14":{"start":{"line":12,"column":0},"end":{"line":12,"column":16}},"15":{"start":{"line":29,"column":2},"end":{"line":35,"column":5}},"16":{"start":{"line":30,"column":19},"end":{"line":30,"column":30}},"17":{"start":{"line":31,"column":4},"end":{"line":34,"column":7}},"18":{"start":{"line":32,"column":6},"end":{"line":32,"column":34}},"19":{"start":{"line":32,"column":15},"end":{"line":32,"column":34}},"20":{"start":{"line":33,"column":6},"end":{"line":33,"column":23}},"21":{"start":{"line":28,"column":0},"end":{"line":28,"column":16}}},"fnMap":{"0":{"name":"(anonymous_1)","decl":{"start":{"line":4,"column":18},"end":{"line":4,"column":29}},"loc":{"start":{"line":4,"column":31},"end":{"line":10,"column":1}}},"1":{"name":"generateToken","decl":{"start":{"line":12,"column":16},"end":{"line":12,"column":29}},"loc":{"start":{"line":12,"column":59},"end":{"line":26,"column":1}}},"2":{"name":"(anonymous_3)","decl":{"start":{"line":13,"column":21},"end":{"line":13,"column":22}},"loc":{"start":{"line":13,"column":41},"end":{"line":25,"column":3}}},"3":{"name":"(anonymous_4)","decl":{"start":{"line":19,"column":6},"end":{"line":19,"column":7}},"loc":{"start":{"line":19,"column":21},"end":{"line":23,"column":7}}},"4":{"name":"verifyToken","decl":{"start":{"line":28,"column":16},"end":{"line":28,"column":27}},"loc":{"start":{"line":28,"column":41},"end":{"line":36,"column":1}}},"5":{"name":"(anonymous_6)","decl":{"start":{"line":29,"column":21},"end":{"line":29,"column":22}},"loc":{"start":{"line":29,"column":41},"end":{"line":35,"column":3}}},"6":{"name":"(anonymous_7)","decl":{"start":{"line":31,"column":30},"end":{"line":31,"column":31}},"loc":{"start":{"line":31,"column":47},"end":{"line":34,"column":5}}}},"branchMap":{"0":{"loc":{"start":{"line":6,"column":2},"end":{"line":8,"column":3}},"type":"if","locations":[{"start":{"line":6,"column":2},"end":{"line":8,"column":3}}]},"1":{"loc":{"start":{"line":18,"column":19},"end":{"line":18,"column":54}},"type":"binary-expr","locations":[{"start":{"line":18,"column":19},"end":{"line":18,"column":45}},{"start":{"line":18,"column":49},"end":{"line":18,"column":54}}]},"2":{"loc":{"start":{"line":20,"column":8},"end":{"line":20,"column":36}},"type":"if","locations":[{"start":{"line":20,"column":8},"end":{"line":20,"column":36}}]},"3":{"loc":{"start":{"line":21,"column":8},"end":{"line":21,"column":68}},"type":"if","locations":[{"start":{"line":21,"column":8},"end":{"line":21,"column":68}}]},"4":{"loc":{"start":{"line":32,"column":6},"end":{"line":32,"column":34}},"type":"if","locations":[{"start":{"line":32,"column":6},"end":{"line":32,"column":34}}]}},"s":{"0":1,"1":1,"2":4,"3":4,"4":0,"5":4,"6":2,"7":2,"8":2,"9":2,"10":0,"11":2,"12":0,"13":2,"14":1,"15":2,"16":2,"17":2,"18":2,"19":1,"20":1,"21":1},"f":{"0":4,"1":2,"2":2,"3":2,"4":2,"5":2,"6":2},"b":{"0":[0],"1":[2,0],"2":[0],"3":[0],"4":[1]}}
,"C:\\Users\\julia\\Desktop\\lute\\lute-back\\src\\util\\mpSignature.ts": {"path":"C:\\Users\\julia\\Desktop\\lute\\lute-back\\src\\util\\mpSignature.ts","statementMap":{"0":{"start":{"line":1,"column":0},"end":{"line":1,"column":28}},"1":{"start":{"line":13,"column":20},"end":{"line":13,"column":42}},"2":{"start":{"line":14,"column":20},"end":{"line":14,"column":43}},"3":{"start":{"line":16,"column":2},"end":{"line":18,"column":3}},"4":{"start":{"line":17,"column":4},"end":{"line":17,"column":17}},"5":{"start":{"line":20,"column":16},"end":{"line":20,"column":36}},"6":{"start":{"line":21,"column":17},"end":{"line":21,"column":62}},"7":{"start":{"line":21,"column":35},"end":{"line":21,"column":61}},"8":{"start":{"line":22,"column":19},"end":{"line":22,"column":64}},"9":{"start":{"line":22,"column":37},"end":{"line":22,"column":63}},"10":{"start":{"line":24,"column":2},"end":{"line":26,"column":3}},"11":{"start":{"line":25,"column":4},"end":{"line":25,"column":17}},"12":{"start":{"line":28,"column":13},"end":{"line":28,"column":41}},"13":{"start":{"line":29,"column":23},"end":{"line":29,"column":53}},"14":{"start":{"line":31,"column":2},"end":{"line":33,"column":3}},"15":{"start":{"line":32,"column":4},"end":{"line":32,"column":17}},"16":{"start":{"line":35,"column":19},"end":{"line":35,"column":70}},"17":{"start":{"line":36,"column":23},"end":{"line":39,"column":18}},"18":{"start":{"line":41,"column":17},"end":{"line":41,"column":42}},"19":{"start":{"line":42,"column":17},"end":{"line":42,"column":42}},"20":{"start":{"line":44,"column":2},"end":{"line":46,"column":3}},"21":{"start":{"line":45,"column":4},"end":{"line":45,"column":17}},"22":{"start":{"line":48,"column":2},"end":{"line":48,"column":48}},"23":{"start":{"line":51,"column":0},"end":{"line":53,"column":2}}},"fnMap":{"0":{"name":"verifySignature","decl":{"start":{"line":8,"column":9},"end":{"line":8,"column":24}},"loc":{"start":{"line":11,"column":16},"end":{"line":49,"column":1}}},"1":{"name":"(anonymous_2)","decl":{"start":{"line":21,"column":28},"end":{"line":21,"column":29}},"loc":{"start":{"line":21,"column":35},"end":{"line":21,"column":61}}},"2":{"name":"(anonymous_3)","decl":{"start":{"line":22,"column":30},"end":{"line":22,"column":31}},"loc":{"start":{"line":22,"column":37},"end":{"line":22,"column":63}}}},"branchMap":{"0":{"loc":{"start":{"line":16,"column":2},"end":{"line":18,"column":3}},"type":"if","locations":[{"start":{"line":16,"column":2},"end":{"line":18,"column":3}}]},"1":{"loc":{"start":{"line":16,"column":6},"end":{"line":16,"column":30}},"type":"binary-expr","locations":[{"start":{"line":16,"column":6},"end":{"line":16,"column":16}},{"start":{"line":16,"column":20},"end":{"line":16,"column":30}}]},"2":{"loc":{"start":{"line":24,"column":2},"end":{"line":26,"column":3}},"type":"if","locations":[{"start":{"line":24,"column":2},"end":{"line":26,"column":3}}]},"3":{"loc":{"start":{"line":24,"column":6},"end":{"line":24,"column":26}},"type":"binary-expr","locations":[{"start":{"line":24,"column":6},"end":{"line":24,"column":13}},{"start":{"line":24,"column":17},"end":{"line":24,"column":26}}]},"4":{"loc":{"start":{"line":28,"column":13},"end":{"line":28,"column":41}},"type":"cond-expr","locations":[{"start":{"line":28,"column":33},"end":{"line":28,"column":35}},{"start":{"line":28,"column":33},"end":{"line":28,"column":41}}]},"5":{"loc":{"start":{"line":28,"column":13},"end":{"line":28,"column":35}},"type":"binary-expr","locations":[{"start":{"line":28,"column":13},"end":{"line":28,"column":35}},{"start":{"line":28,"column":33},"end":{"line":28,"column":35}}]},"6":{"loc":{"start":{"line":29,"column":23},"end":{"line":29,"column":53}},"type":"cond-expr","locations":[{"start":{"line":29,"column":45},"end":{"line":29,"column":47}},{"start":{"line":29,"column":45},"end":{"line":29,"column":53}}]},"7":{"loc":{"start":{"line":29,"column":23},"end":{"line":29,"column":47}},"type":"binary-expr","locations":[{"start":{"line":29,"column":23},"end":{"line":29,"column":47}},{"start":{"line":29,"column":45},"end":{"line":29,"column":47}}]},"8":{"loc":{"start":{"line":31,"column":2},"end":{"line":33,"column":3}},"type":"if","locations":[{"start":{"line":31,"column":2},"end":{"line":33,"column":3}}]},"9":{"loc":{"start":{"line":31,"column":6},"end":{"line":31,"column":26}},"type":"binary-expr","locations":[{"start":{"line":31,"column":6},"end":{"line":31,"column":9}},{"start":{"line":31,"column":13},"end":{"line":31,"column":26}}]},"10":{"loc":{"start":{"line":44,"column":2},"end":{"line":46,"column":3}},"type":"if","locations":[{"start":{"line":44,"column":2},"end":{"line":46,"column":3}}]}},"s":{"0":2,"1":6,"2":6,"3":6,"4":2,"5":4,"6":4,"7":4,"8":4,"9":7,"10":4,"11":1,"12":3,"13":3,"14":3,"15":0,"16":3,"17":3,"18":3,"19":3,"20":3,"21":1,"22":2,"23":2},"f":{"0":6,"1":4,"2":7},"b":{"0":[2],"1":[6,5],"2":[1],"3":[4,3],"4":[0,3],"5":[3,3],"6":[0,3],"7":[3,3],"8":[0],"9":[3,3],"10":[1]}}
,"C:\\Users\\julia\\Desktop\\lute\\lute-back\\src\\util\\token.ts": {"path":"C:\\Users\\julia\\Desktop\\lute\\lute-back\\src\\util\\token.ts","statementMap":{"0":{"start":{"line":1,"column":0},"end":{"line":1,"column":28}},"1":{"start":{"line":4,"column":2},"end":{"line":4,"column":29}},"2":{"start":{"line":7,"column":0},"end":{"line":9,"column":2}}},"fnMap":{"0":{"name":"generateTrackingToken","decl":{"start":{"line":3,"column":9},"end":{"line":3,"column":30}},"loc":{"start":{"line":3,"column":30},"end":{"line":5,"column":1}}}},"branchMap":{},"s":{"0":1,"1":103,"2":1},"f":{"0":103},"b":{}}
}
