TN:
SF:src\database.ts
FN:15,connect
FNF:1
FNH:0
FNDA:0,connect
DA:1,1
DA:3,1
DA:15,1
DA:16,0
DA:17,0
DA:18,0
DA:19,0
DA:21,0
DA:22,0
DA:24,0
LF:10
LH:3
BRDA:4,0,0,0
BRDA:4,0,1,1
BRDA:4,1,0,1
BRDA:4,1,1,1
BRDA:5,2,0,0
BRDA:5,2,1,1
BRDA:5,3,0,1
BRDA:5,3,1,1
BRDA:6,4,0,0
BRDA:6,4,1,1
BRDA:6,5,0,1
BRDA:6,5,1,1
BRDA:8,6,0,0
BRDA:8,6,1,1
BRDA:8,7,0,1
BRDA:8,7,1,1
BRDA:9,8,0,0
BRDA:9,8,1,1
BRDA:9,9,0,1
BRDA:9,9,1,1
BRDA:10,10,0,0
BRDA:10,10,1,1
BRDA:10,11,0,1
BRDA:10,11,1,1
BRDA:11,12,0,0
BRDA:11,12,1,1
BRDA:17,13,0,0
BRF:27
BRH:19
end_of_record
TN:
SF:src\models\Product.ts
FNF:0
FNH:0
DA:1,1
DA:2,1
DA:65,1
DA:122,1
LF:4
LH:4
BRF:0
BRH:0
end_of_record
TN:
SF:src\models\ProductImage.ts
FNF:0
FNH:0
DA:1,1
DA:2,1
DA:4,1
DA:35,1
LF:4
LH:4
BRF:0
BRH:0
end_of_record
TN:
SF:src\models\ProductVariant.ts
FNF:0
FNH:0
DA:1,1
DA:2,1
DA:4,1
DA:45,1
LF:4
LH:4
BRF:0
BRH:0
end_of_record
TN:
SF:src\repos\ProductRepo.ts
FN:26,list
FN:65,(anonymous_9)
FN:73,getBySlug
FN:85,getById
FN:96,getVariantsByIds
FN:102,(anonymous_16)
FN:105,persistsBySlug
FN:110,getByVariantId
FN:128,reserveStock
FN:166,restoreStock
FNF:10
FNH:0
FNDA:0,list
FNDA:0,(anonymous_9)
FNDA:0,getBySlug
FNDA:0,getById
FNDA:0,getVariantsByIds
FNDA:0,(anonymous_16)
FNDA:0,persistsBySlug
FNDA:0,getByVariantId
FNDA:0,reserveStock
FNDA:0,restoreStock
DA:1,1
DA:2,1
DA:3,1
DA:4,1
DA:5,1
DA:30,0
DA:32,0
DA:33,0
DA:35,0
DA:36,0
DA:38,0
DA:39,0
DA:41,0
DA:42,0
DA:44,0
DA:45,0
DA:47,0
DA:48,0
DA:51,0
DA:53,0
DA:65,0
DA:66,0
DA:67,0
DA:70,0
DA:74,0
DA:82,0
DA:86,0
DA:93,0
DA:97,0
DA:102,0
DA:106,0
DA:107,0
DA:111,0
DA:115,0
DA:129,0
DA:130,0
DA:131,0
DA:133,0
DA:134,0
DA:139,0
DA:140,0
DA:141,0
DA:144,0
DA:145,0
DA:146,0
DA:147,0
DA:150,0
DA:153,0
DA:154,0
DA:155,0
DA:158,0
DA:159,0
DA:161,0
DA:162,0
DA:167,0
DA:168,0
DA:169,0
DA:170,0
DA:175,0
DA:176,0
DA:177,0
DA:181,0
DA:183,0
DA:184,0
DA:188,1
LF:65
LH:6
BRDA:32,0,0,0
BRDA:35,1,0,0
BRDA:38,2,0,0
BRDA:41,3,0,0
BRDA:44,4,0,0
BRDA:47,5,0,0
BRDA:82,6,0,0
BRDA:82,6,1,0
BRDA:93,7,0,0
BRDA:93,7,1,0
BRDA:115,8,0,0
BRDA:115,8,1,0
BRDA:139,9,0,0
BRDA:145,10,0,0
BRDA:153,11,0,0
BRDA:175,12,0,0
BRF:16
BRH:0
end_of_record
TN:
SF:src\services\CartService.ts
FN:24,validate
FN:25,(anonymous_10)
FNF:2
FNH:0
FNDA:0,validate
FNDA:0,(anonymous_10)
DA:1,1
DA:25,0
DA:26,0
DA:28,0
DA:29,0
DA:30,0
DA:33,0
DA:34,0
DA:36,0
DA:37,0
DA:39,0
DA:40,0
DA:49,0
DA:52,0
DA:53,0
DA:54,0
DA:56,0
DA:57,0
DA:66,0
DA:69,0
DA:70,0
DA:73,0
DA:75,0
DA:76,0
DA:78,0
DA:79,0
DA:88,0
DA:91,0
DA:93,0
DA:103,0
DA:106,1
LF:31
LH:2
BRDA:39,0,0,0
BRDA:54,1,0,0
BRDA:54,1,1,0
BRDA:54,2,0,0
BRDA:54,2,1,0
BRDA:56,3,0,0
BRDA:69,4,0,0
BRDA:69,4,1,0
BRDA:69,5,0,0
BRDA:69,5,1,0
BRDA:69,6,0,0
BRDA:69,6,1,0
BRDA:70,7,0,0
BRDA:70,7,1,0
BRDA:73,8,0,0
BRDA:73,8,1,0
BRDA:73,9,0,0
BRDA:73,9,1,0
BRDA:78,10,0,0
BRF:19
BRH:0
end_of_record
TN:
SF:src\util\facadeConfig.ts
FN:9,getDepth
FN:14,(anonymous_1)
FN:20,(anonymous_2)
FN:26,validate
FNF:4
FNH:3
FNDA:22,getDepth
FNDA:0,(anonymous_1)
FNDA:19,(anonymous_2)
FNDA:7,validate
DA:1,2
DA:2,2
DA:10,22
DA:11,21
DA:12,0
DA:14,0
DA:17,21
DA:18,15
DA:20,19
DA:23,6
DA:27,7
DA:28,2
DA:31,5
DA:33,5
DA:34,1
DA:38,4
DA:39,4
DA:41,1
DA:44,3
DA:45,3
DA:46,1
DA:49,2
DA:52,2
LF:23
LH:21
BRDA:9,0,0,3
BRDA:10,1,0,1
BRDA:11,2,0,0
BRDA:17,3,0,15
BRDA:17,4,0,21
BRDA:17,4,1,21
BRDA:27,5,0,2
BRDA:27,6,0,7
BRDA:27,6,1,6
BRDA:31,7,0,1
BRDA:31,7,1,4
BRDA:33,8,0,1
BRDA:39,9,0,1
BRDA:39,9,1,3
BRDA:45,10,0,1
BRF:15
BRH:14
end_of_record
TN:
SF:src\util\jwt.ts
FN:4,(anonymous_1)
FN:12,generateToken
FN:13,(anonymous_3)
FN:19,(anonymous_4)
FN:28,verifyToken
FN:29,(anonymous_6)
FN:31,(anonymous_7)
FNF:7
FNH:7
FNDA:4,(anonymous_1)
FNDA:2,generateToken
FNDA:2,(anonymous_3)
FNDA:2,(anonymous_4)
FNDA:2,verifyToken
FNDA:2,(anonymous_6)
FNDA:2,(anonymous_7)
DA:2,1
DA:4,1
DA:5,4
DA:6,4
DA:7,0
DA:9,4
DA:12,1
DA:13,2
DA:14,2
DA:15,2
DA:20,2
DA:21,2
DA:22,2
DA:28,1
DA:29,2
DA:30,2
DA:31,2
DA:32,2
DA:33,1
LF:19
LH:18
BRDA:6,0,0,0
BRDA:18,1,0,2
BRDA:18,1,1,0
BRDA:20,2,0,0
BRDA:21,3,0,0
BRDA:32,4,0,1
BRF:6
BRH:2
end_of_record
TN:
SF:src\util\mpSignature.ts
FN:8,verifySignature
FN:21,(anonymous_2)
FN:22,(anonymous_3)
FNF:3
FNH:3
FNDA:6,verifySignature
FNDA:4,(anonymous_2)
FNDA:7,(anonymous_3)
DA:1,2
DA:13,6
DA:14,6
DA:16,6
DA:17,2
DA:20,4
DA:21,4
DA:22,7
DA:24,4
DA:25,1
DA:28,3
DA:29,3
DA:31,3
DA:32,0
DA:35,3
DA:36,3
DA:41,3
DA:42,3
DA:44,3
DA:45,1
DA:48,2
DA:51,2
LF:22
LH:21
BRDA:16,0,0,2
BRDA:16,1,0,6
BRDA:16,1,1,5
BRDA:24,2,0,1
BRDA:24,3,0,4
BRDA:24,3,1,3
BRDA:28,4,0,0
BRDA:28,4,1,3
BRDA:28,5,0,3
BRDA:28,5,1,3
BRDA:29,6,0,0
BRDA:29,6,1,3
BRDA:29,7,0,3
BRDA:29,7,1,3
BRDA:31,8,0,0
BRDA:31,9,0,3
BRDA:31,9,1,3
BRDA:44,10,0,1
BRF:18
BRH:15
end_of_record
TN:
SF:src\util\token.ts
FN:3,generateTrackingToken
FNF:1
FNH:1
FNDA:103,generateTrackingToken
DA:1,1
DA:4,103
DA:7,1
LF:3
LH:3
BRF:0
BRH:0
end_of_record
